Arguments: 
  /usr/bin/node /home/codemashine/.yarn/bin/yarn.js build --watch

PATH: 
  /home/codemashine/.rbenv/versions/3.0.4/bin:/home/codemashine/.rbenv/libexec:/home/codemashine/.rbenv/plugins/ruby-build/bin:/home/codemashine/.rbenv/plugins/rbenv-whatis/bin:/home/codemashine/.rbenv/plugins/rbenv-use/bin:/home/codemashine/.rbenv/bin:/home/codemashine/.yarn/bin:/home/codemashine/.config/yarn/global/node_modules/.bin:/home/codemashine/.rbenv/shims:/home/codemashine/.rbenv/bin:/home/codemashine/.rbenv/plugins/ruby-build/bin:/home/codemashine/.rbenv/shims:/home/codemashine/.rbenv/bin:/usr/local/sbin:/usr/local/bin:/usr/sbin:/usr/bin:/sbin:/bin:/usr/games:/usr/local/games:/usr/lib/wsl/lib:/mnt/c/Program Files/WindowsApps/CanonicalGroupLimited.Ubuntu22.04LTS_2204.5.10021.0_x64__79rhkp1fndgsc:/mnt/c/Users/hitma/AppData/Local/Programs/cursor/resources/app/bin:/mnt/c/Ruby200-x64/bin:/mnt/c/Windows/system32:/mnt/c/Windows:/mnt/c/Windows/System32/Wbem:/mnt/c/Windows/System32/WindowsPowerShell/v1.0/:/mnt/c/Windows/System32/OpenSSH/:/mnt/c/Program Files (x86)/NVIDIA Corporation/PhysX/Common:/mnt/c/Users/hitma/AppData/Local/Microsoft/WindowsApps:/mnt/c/Users/hitma/AppData/Local/atom/bin:/mnt/c/Users/hitma/AppData/Local/Programs/cursor/resources/app/bin:/mnt/c/Users/hitma/AppData/Local/Programs/cursor/resources/app/bin:/mnt/c/Program Files/Go/bin:/mnt/c/Program Files/Microsoft VS Code/bin:/mnt/c/Users/hitma/go/bin:/snap/bin:/home/codemashine/.rvm/bin:/home/codemashine/.rvm/bin

Yarn version: 
  1.22.19

Node version: 
  12.22.9

Platform: 
  linux x64

Trace: 
  SyntaxError: /home/codemashine/hartl/sample_app/package.json: Unexpected string in JSON at position 300
      at JSON.parse (<anonymous>)
      at /home/codemashine/.yarn/lib/cli.js:1629:59
      at Generator.next (<anonymous>)
      at step (/home/codemashine/.yarn/lib/cli.js:310:30)
      at /home/codemashine/.yarn/lib/cli.js:321:13

npm manifest: 
  {
    "name": "app",
    "private": true,
    "dependencies": {
      "@popperjs/core": "^2.11.6",
      "bootstrap": "^5.2.3",
      "bootstrap-icons": "^1.10.0",
      "sass": "^1.99.0"
    },
    "scripts": {
      "build": "npx esbuild app/javascript/*.* --bundle --sourcemap --outdir=app/assets/builds --watch"
      "build:css": "npx sass ./app/assets/stylesheets/application.bootstrap.scss:./app/assets/builds/application.css --no-source-map --load-path=node_modules"
    }
  }

yarn manifest: 
  No manifest

Lockfile: 
  # THIS IS AN AUTOGENERATED FILE. DO NOT EDIT THIS FILE DIRECTLY.
  # yarn lockfile v1
  
  
  "@parcel/watcher-linux-x64-glibc@2.5.6":
    "integrity" "sha512-kbT5wvNQlx7NaGjzPFu8nVIW1rWqV780O7ZtkjuWaPUgpv2NMFpjYERVi0UYj1msZNyCzGlaCWEtzc+exjMGbQ=="
    "resolved" "https://registry.npmjs.org/@parcel/watcher-linux-x64-glibc/-/watcher-linux-x64-glibc-2.5.6.tgz"
    "version" "2.5.6"
  
  "@parcel/watcher-linux-x64-musl@2.5.6":
    "integrity" "sha512-1JRFeC+h7RdXwldHzTsmdtYR/Ku8SylLgTU/reMuqdVD7CtLwf0VR1FqeprZ0eHQkO0vqsbvFLXUmYm/uNKJBg=="
    "resolved" "https://registry.npmjs.org/@parcel/watcher-linux-x64-musl/-/watcher-linux-x64-musl-2.5.6.tgz"
    "version" "2.5.6"
  
  "@parcel/watcher@^2.4.1":
    "integrity" "sha512-tmmZ3lQxAe/k/+rNnXQRawJ4NjxO2hqiOLTHvWchtGZULp4RyFeh6aU4XdOYBFe2KE1oShQTv4AblOs2iOrNnQ=="
    "resolved" "https://registry.npmjs.org/@parcel/watcher/-/watcher-2.5.6.tgz"
    "version" "2.5.6"
    dependencies:
      "detect-libc" "^2.0.3"
      "is-glob" "^4.0.3"
      "node-addon-api" "^7.0.0"
      "picomatch" "^4.0.3"
    optionalDependencies:
      "@parcel/watcher-android-arm64" "2.5.6"
      "@parcel/watcher-darwin-arm64" "2.5.6"
      "@parcel/watcher-darwin-x64" "2.5.6"
      "@parcel/watcher-freebsd-x64" "2.5.6"
      "@parcel/watcher-linux-arm-glibc" "2.5.6"
      "@parcel/watcher-linux-arm-musl" "2.5.6"
      "@parcel/watcher-linux-arm64-glibc" "2.5.6"
      "@parcel/watcher-linux-arm64-musl" "2.5.6"
      "@parcel/watcher-linux-x64-glibc" "2.5.6"
      "@parcel/watcher-linux-x64-musl" "2.5.6"
      "@parcel/watcher-win32-arm64" "2.5.6"
      "@parcel/watcher-win32-ia32" "2.5.6"
      "@parcel/watcher-win32-x64" "2.5.6"
  
  "@popperjs/core@^2.11.6", "@popperjs/core@^2.11.8":
    "integrity" "sha512-P1st0aksCrn9sGZhp8GMYwBnQsbvAWsZAX44oXNNvLHGqAOcoVxmjZiohstwQ7SqKnbR47akdNi+uleWD8+g6A=="
    "resolved" "https://registry.npmjs.org/@popperjs/core/-/core-2.11.8.tgz"
    "version" "2.11.8"
  
  "bootstrap-icons@^1.10.0":
    "integrity" "sha512-ijombt4v6bv5CLeXvRWKy7CuM3TRTuPEuGaGKvTV5cz65rQSY8RQ2JcHt6b90cBBAC7s8fsf2EkQDldzCoXUjw=="
    "resolved" "https://registry.npmjs.org/bootstrap-icons/-/bootstrap-icons-1.13.1.tgz"
    "version" "1.13.1"
  
  "bootstrap@^5.2.3":
    "integrity" "sha512-HP1SZDqaLDPwsNiqRqi5NcP0SSXciX2s9E+RyqJIIqGo+vJeN5AJVM98CXmW/Wux0nQ5L7jeWUdplCEf0Ee+tg=="
    "resolved" "https://registry.npmjs.org/bootstrap/-/bootstrap-5.3.8.tgz"
    "version" "5.3.8"
  
  "chokidar@^4.0.0":
    "integrity" "sha512-Qgzu8kfBvo+cA4962jnP1KkS6Dop5NS6g7R5LFYJr4b8Ub94PPQXUksCw9PvXoeXPRRddRNC5C1JQUR2SMGtnA=="
    "resolved" "https://registry.npmjs.org/chokidar/-/chokidar-4.0.3.tgz"
    "version" "4.0.3"
    dependencies:
      "readdirp" "^4.0.1"
  
  "detect-libc@^2.0.3":
    "integrity" "sha512-Btj2BOOO83o3WyH59e8MgXsxEQVcarkUOpEYrubB0urwnN10yQ364rsiByU11nZlqWYZm05i/of7io4mzihBtQ=="
    "resolved" "https://registry.npmjs.org/detect-libc/-/detect-libc-2.1.2.tgz"
    "version" "2.1.2"
  
  "immutable@^5.1.5":
    "integrity" "sha512-t7xcm2siw+hlUM68I+UEOK+z84RzmN59as9DZ7P1l0994DKUWV7UXBMQZVxaoMSRQ+PBZbHCOoBt7a2wxOMt+A=="
    "resolved" "https://registry.npmjs.org/immutable/-/immutable-5.1.5.tgz"
    "version" "5.1.5"
  
  "is-extglob@^2.1.1":
    "integrity" "sha512-SbKbANkN603Vi4jEZv49LeVJMn4yGwsbzZworEoyEiutsN3nJYdbO36zfhGJ6QEDpOZIFkDtnq5JRxmvl3jsoQ=="
    "resolved" "https://registry.npmjs.org/is-extglob/-/is-extglob-2.1.1.tgz"
    "version" "2.1.1"
  
  "is-glob@^4.0.3":
    "integrity" "sha512-xelSayHH36ZgE7ZWhli7pW34hNbNl8Ojv5KVmkJD4hBdD3th8Tfk9vYasLM+mXWOZhFkgZfxhLSnrwRr4elSSg=="
    "resolved" "https://registry.npmjs.org/is-glob/-/is-glob-4.0.3.tgz"
    "version" "4.0.3"
    dependencies:
      "is-extglob" "^2.1.1"
  
  "node-addon-api@^7.0.0":
    "integrity" "sha512-5m3bsyrjFWE1xf7nz7YXdN4udnVtXK6/Yfgn5qnahL6bCkf2yKt4k3nuTKAtT4r3IG8JNR2ncsIMdZuAzJjHQQ=="
    "resolved" "https://registry.npmjs.org/node-addon-api/-/node-addon-api-7.1.1.tgz"
    "version" "7.1.1"
  
  "picomatch@^4.0.3":
    "integrity" "sha512-QP88BAKvMam/3NxH6vj2o21R6MjxZUAd6nlwAS/pnGvN9IVLocLHxGYIzFhg6fUQ+5th6P4dv4eW9jX3DSIj7A=="
    "resolved" "https://registry.npmjs.org/picomatch/-/picomatch-4.0.4.tgz"
    "version" "4.0.4"
  
  "readdirp@^4.0.1":
    "integrity" "sha512-GDhwkLfywWL2s6vEjyhri+eXmfH6j1L7JE27WhqLeYzoh/A3DBaYGEj2H/HFZCn/kMfim73FXxEJTw06WtxQwg=="
    "resolved" "https://registry.npmjs.org/readdirp/-/readdirp-4.1.2.tgz"
    "version" "4.1.2"
  
  "sass@^1.99.0":
    "integrity" "sha512-kgW13M54DUB7IsIRM5LvJkNlpH+WhMpooUcaWGFARkF1Tc82v9mIWkCbCYf+MBvpIUBSeSOTilpZjEPr2VYE6Q=="
    "resolved" "https://registry.npmjs.org/sass/-/sass-1.99.0.tgz"
    "version" "1.99.0"
    dependencies:
      "chokidar" "^4.0.0"
      "immutable" "^5.1.5"
      "source-map-js" ">=0.6.2 <2.0.0"
    optionalDependencies:
      "@parcel/watcher" "^2.4.1"
  
  "source-map-js@>=0.6.2 <2.0.0":
    "integrity" "sha512-UXWMKhLOwVKb728IUtQPXxfYU+usdybtUrK/8uGE8CQMvrhOpwvzDBwj0QhSL7MQc7vIsISBG8VQ8+IDQxpfQA=="
    "resolved" "https://registry.npmjs.org/source-map-js/-/source-map-js-1.2.1.tgz"
    "version" "1.2.1"
